
-------
13/42/2024 16:42:25
-------

Error executing 'CREATE TABLE Pizzas(
   idPizza INT AUTO_INCREMENT,
   nomPizza VARCHAR(50) NOT NULL,
   prixPizza DECIMAL(15,2) NOT NULL CHECK (prixPizza >= 0),
   PRIMARY KEY(idPizza),
   UNIQUE(nomPizza)
) ' (line 7): Table 'pizzas' already exists

-------
13/42/2024 16:42:42
-------


-------
13/42/2024 16:42:49
-------


-------
15/50/2024 08:50:32
-------


-------
15/52/2024 08:52:41
-------


-------
15/56/2024 08:56:35
-------


-------
15/59/2024 08:59:43
-------


-------
15/59/2024 08:59:43
-------


-------
15/00/2024 09:00:14
-------


-------
15/00/2024 09:00:14
-------


-------
15/00/2024 09:00:57
-------


-------
15/00/2024 09:00:57
-------


-------
15/01/2024 09:01:50
-------


-------
15/01/2024 09:01:50
-------


-------
15/02/2024 09:02:03
-------


-------
15/02/2024 09:02:03
-------


-------
15/18/2024 09:18:57
-------


-------
15/19/2024 09:19:37
-------


-------
15/19/2024 09:19:51
-------


-------
15/20/2024 09:20:45
-------


-------
15/21/2024 09:21:00
-------


-------
15/21/2024 09:21:22
-------


-------
15/42/2024 09:42:11
-------


-------
15/01/2024 11:01:53
-------


-------
15/02/2024 11:02:20
-------


-------
15/02/2024 11:02:41
-------


-------
15/20/2024 11:20:55
-------


-------
15/21/2024 11:21:45
-------


-------
15/27/2024 11:27:29
-------


-------
15/31/2024 11:31:59
-------


-------
15/32/2024 11:32:38
-------


-------
15/33/2024 11:33:21
-------


-------
15/33/2024 11:33:53
-------


-------
15/36/2024 11:36:56
-------


-------
15/39/2024 11:39:09
-------


-------
15/39/2024 11:39:11
-------


-------
15/39/2024 11:39:11
-------


-------
15/44/2024 11:44:35
-------

